3	| ~/MyClass class
4	| ~/MyClass/value -> int
5	| ~/MyClass/constructor/arg -> int
9	| ~/MyClass/destructor (  ) -> void
13	| ~/MyClass/Inc (  ) -> void
17	| ~/MyClass/Dec (  ) -> void
21	| ~/MyClass/Get (  ) -> int
25	| ~/MyClass/Set/newValue -> int
30	| ~/T class
31	| ~/T/var2 -> int
32	| ~/T/constructor/arg -> int
36	| ~/T/destructor (  ) -> void
40	| ~/T/function/ana -> string
41	| ~/T/function/andrei -> char
44	| ~/T/t/pistoL -> int
51	| ~/instance -> MyClass
52	| ~/anotherInt -> int
54	| ~/someString -> string
55	| ~/anotherString -> string
57	| ~/theLetterA -> char
59	| ~/pi -> float
60	| ~/tau -> float
65	| ~/global5 (  ) -> int
69	| ~/Set/b -> int
70	| ~/Set/c -> int
74	| ~/globalAdd/c -> int
78	| ~/func/a -> int
79	| ~/func/d -> float
84	| ~/main (  ) -> main
88	| ~/main/truthy -> bool
95	| ~/main/for(95)/index -> int
104	| ~/main/aFloat -> float
105	| ~/main/yetAnotherInt -> int
110	| ~/main/index -> int
112	| ~/main/while(111)/var -> float
123	| ~/main/if(122)/var -> int
126	| ~/main/else(125)/var -> string
